<?xml version="1.0" encoding="UTF-8"?>
<robot generator="Robot 7.0 (Python 3.12.1 on win32)" generated="2024-05-13T16:11:28.402692" rpa="false" schemaversion="5">
<suite id="s1" name="AltaPlay2VTR" source="c:\Users\Jairo\OneDrive\Escritorio\VALIDAR AMBIENTE\AltaPlay2VTR.robot">
<test id="s1-t1" name="Visitar Siebel" line="23">
<kw name="Open Browser" owner="SeleniumLibrary">
<msg time="2024-05-13T16:11:28.604455" level="INFO">Opening browser 'Chrome' to base url 'http://172.17.227.70:2080/ecommunications_VTR_esn/start.swe?SWECmd=Login&amp;SWECM=S&amp;SRN=&amp;SWEHo=172.17.227.70'.</msg>
<arg>http://172.17.227.70:2080/ecommunications_VTR_esn/start.swe?SWECmd=Login&amp;SWECM=S&amp;SRN=&amp;SWEHo=172.17.227.70</arg>
<arg>Chrome</arg>
<doc>Opens a new browser instance to the optional ``url``.</doc>
<status status="PASS" start="2024-05-13T16:11:28.604455" elapsed="6.243911"/>
</kw>
<kw name="Login">
<kw name="Input Text" owner="SeleniumLibrary">
<msg time="2024-05-13T16:11:34.853349" level="INFO">Typing text 'skim' into text field 'name:SWEUserName'.</msg>
<arg>name:SWEUserName</arg>
<arg>${username}</arg>
<doc>Types the given ``text`` into the text field identified by ``locator``.</doc>
<status status="PASS" start="2024-05-13T16:11:34.850349" elapsed="0.067383"/>
</kw>
<kw name="Input Password" owner="SeleniumLibrary">
<msg time="2024-05-13T16:11:34.918732" level="INFO">Typing password into text field 'name:SWEPassword'.</msg>
<msg time="2024-05-13T16:11:34.976639" level="INFO">Temporally setting log level to: NONE</msg>
<arg>name:SWEPassword</arg>
<arg>${password}</arg>
<doc>Types the given password into the text field identified by ``locator``.</doc>
<status status="PASS" start="2024-05-13T16:11:34.918732" elapsed="0.096976"/>
</kw>
<kw name="Click Element" owner="SeleniumLibrary">
<msg time="2024-05-13T16:11:35.016710" level="INFO">Clicking element 'xpath://*[@id="s_swepi_22"]'.</msg>
<arg>xpath://*[@id="s_swepi_22"]</arg>
<doc>Click the element identified by ``locator``.</doc>
<status status="PASS" start="2024-05-13T16:11:35.015708" elapsed="7.800363"/>
</kw>
<status status="PASS" start="2024-05-13T16:11:34.849363" elapsed="7.966708"/>
</kw>
<kw name="Navigate To Main Page">
<kw name="Wait Until Page Contains Element" owner="SeleniumLibrary">
<arg>${BUTTON_SELECTOR}</arg>
<arg>timeout=${WAIT_TIMEOUT}</arg>
<doc>Waits until the element ``locator`` appears on the current page.</doc>
<status status="PASS" start="2024-05-13T16:11:42.817070" elapsed="3.829216"/>
</kw>
<kw name="Click Element" owner="SeleniumLibrary">
<msg time="2024-05-13T16:11:46.647271" level="INFO">Clicking element 'xpath://*[@id="s_1_1_0_0_Ctrl"]'.</msg>
<arg>xpath://*[@id="s_1_1_0_0_Ctrl"]</arg>
<doc>Click the element identified by ``locator``.</doc>
<status status="PASS" start="2024-05-13T16:11:46.646286" elapsed="0.058840"/>
</kw>
<kw name="Sleep" owner="BuiltIn">
<msg time="2024-05-13T16:11:56.706762" level="INFO">Slept 10 seconds.</msg>
<arg>10s</arg>
<doc>Pauses the test executed for the given time.</doc>
<status status="PASS" start="2024-05-13T16:11:46.705126" elapsed="10.001636"/>
</kw>
<kw name="Click Element" owner="SeleniumLibrary">
<msg time="2024-05-13T16:11:56.706762" level="INFO">Clicking element 'xpath://*[@id="s_sctrl_tabScreen"]/ul/li[2]'.</msg>
<arg>xpath://*[@id="s_sctrl_tabScreen"]/ul/li[2]</arg>
<doc>Click the element identified by ``locator``.</doc>
<status status="PASS" start="2024-05-13T16:11:56.706762" elapsed="0.044016"/>
</kw>
<kw name="Wait Until Page Contains Element" owner="SeleniumLibrary">
<arg>xpath:/html/body/div[1]/div/div[4]/div/div/div[1]/div[2]/ul/li[2]</arg>
<arg>timeout=${WAIT_TIMEOUT}</arg>
<doc>Waits until the element ``locator`` appears on the current page.</doc>
<status status="PASS" start="2024-05-13T16:11:56.750778" elapsed="0.634455"/>
</kw>
<kw name="Click Element" owner="SeleniumLibrary">
<msg time="2024-05-13T16:11:57.386231" level="INFO">Clicking element 'xpath://*[@id="s_sctrl_tabView"]/ul/li[2]'.</msg>
<arg>xpath://*[@id="s_sctrl_tabView"]/ul/li[2]</arg>
<doc>Click the element identified by ``locator``.</doc>
<status status="PASS" start="2024-05-13T16:11:57.386231" elapsed="0.040398"/>
</kw>
<status status="PASS" start="2024-05-13T16:11:42.816071" elapsed="14.610558"/>
</kw>
<kw name="Create New Account">
<kw name="Wait Until Page Contains Element" owner="SeleniumLibrary">
<arg>xpath://*[@id="s_2_1_116_0_Ctrl"]</arg>
<arg>timeout=${WAIT_TIMEOUT}</arg>
<doc>Waits until the element ``locator`` appears on the current page.</doc>
<status status="PASS" start="2024-05-13T16:11:57.427629" elapsed="1.481005"/>
</kw>
<kw name="Click Element" owner="SeleniumLibrary">
<msg time="2024-05-13T16:11:58.909641" level="INFO">Clicking element 'xpath://*[@id="s_2_1_116_0_Ctrl"]'.</msg>
<arg>xpath://*[@id="s_2_1_116_0_Ctrl"]</arg>
<doc>Click the element identified by ``locator``.</doc>
<status status="PASS" start="2024-05-13T16:11:58.908634" elapsed="0.064697"/>
</kw>
<kw name="Sleep" owner="BuiltIn">
<msg time="2024-05-13T16:12:03.975475" level="INFO">Slept 5 seconds.</msg>
<arg>5s</arg>
<doc>Pauses the test executed for the given time.</doc>
<status status="PASS" start="2024-05-13T16:11:58.974351" elapsed="5.001124"/>
</kw>
<kw name="Run Process" owner="Process">
<msg time="2024-05-13T16:12:03.975475" level="INFO">Starting process:
python generate.py</msg>
<msg time="2024-05-13T16:12:03.979481" level="INFO">Waiting for process to complete.</msg>
<msg time="2024-05-13T16:12:04.037382" level="INFO">Process completed.</msg>
<msg time="2024-05-13T16:12:04.037382" level="INFO">${result} = &lt;result object with rc 0&gt;</msg>
<var>${result}</var>
<arg>python</arg>
<arg>generate.py</arg>
<doc>Runs a process and waits for it to complete.</doc>
<status status="PASS" start="2024-05-13T16:12:03.975475" elapsed="0.061907"/>
</kw>
<kw name="Input Text" owner="SeleniumLibrary">
<msg time="2024-05-13T16:12:04.038381" level="INFO">Typing text '8299013-5' into text field 'xpath://*[@id="a_2"]/div/table/tbody/tr[3]/td[3]/div/input'.</msg>
<arg>xpath://*[@id="a_2"]/div/table/tbody/tr[3]/td[3]/div/input</arg>
<arg>${result.stdout}</arg>
<doc>Types the given ``text`` into the text field identified by ``locator``.</doc>
<status status="PASS" start="2024-05-13T16:12:04.037382" elapsed="0.060552"/>
</kw>
<kw name="Sleep" owner="BuiltIn">
<msg time="2024-05-13T16:12:09.098374" level="INFO">Slept 5 seconds.</msg>
<arg>5s</arg>
<doc>Pauses the test executed for the given time.</doc>
<status status="PASS" start="2024-05-13T16:12:04.097934" elapsed="5.000440"/>
</kw>
<status status="PASS" start="2024-05-13T16:11:57.426629" elapsed="11.671745"/>
</kw>
<kw name="Fill Account Information">
<kw name="Click Element" owner="SeleniumLibrary">
<msg time="2024-05-13T16:12:09.099386" level="INFO">Clicking element 'xpath://*[@id="a_2"]/div/table/tbody/tr[4]/td[3]/div/input'.</msg>
<arg>xpath://*[@id="a_2"]/div/table/tbody/tr[4]/td[3]/div/input</arg>
<doc>Click the element identified by ``locator``.</doc>
<status status="PASS" start="2024-05-13T16:12:09.099386" elapsed="4.060736"/>
</kw>
<kw name="Sleep" owner="BuiltIn">
<msg time="2024-05-13T16:12:18.161503" level="INFO">Slept 5 seconds.</msg>
<arg>5s</arg>
<doc>Pauses the test executed for the given time.</doc>
<status status="PASS" start="2024-05-13T16:12:13.160122" elapsed="5.001381"/>
</kw>
<kw name="Input Text" owner="SeleniumLibrary">
<msg time="2024-05-13T16:12:18.161503" level="INFO">Typing text 'JAIRO' into text field 'xpath://*[@id="a_2"]/div/table/tbody/tr[4]/td[3]/div/input'.</msg>
<arg>xpath://*[@id="a_2"]/div/table/tbody/tr[4]/td[3]/div/input</arg>
<arg>${nombre}</arg>
<doc>Types the given ``text`` into the text field identified by ``locator``.</doc>
<status status="PASS" start="2024-05-13T16:12:18.161503" elapsed="0.073049"/>
</kw>
<kw name="Sleep" owner="BuiltIn">
<msg time="2024-05-13T16:12:21.235817" level="INFO">Slept 3 seconds.</msg>
<arg>3s</arg>
<doc>Pauses the test executed for the given time.</doc>
<status status="PASS" start="2024-05-13T16:12:18.234552" elapsed="3.001265"/>
</kw>
<kw name="Input Text" owner="SeleniumLibrary">
<msg time="2024-05-13T16:12:21.235817" level="INFO">Typing text 'ARIAS' into text field 'xpath://*[@id="a_2"]/div/table/tbody/tr[5]/td[3]/div/input'.</msg>
<arg>xpath://*[@id="a_2"]/div/table/tbody/tr[5]/td[3]/div/input</arg>
<arg>${apellido}</arg>
<doc>Types the given ``text`` into the text field identified by ``locator``.</doc>
<status status="PASS" start="2024-05-13T16:12:21.235817" elapsed="0.104875"/>
</kw>
<kw name="Input Text" owner="SeleniumLibrary">
<msg time="2024-05-13T16:12:21.340692" level="INFO">Typing text 'LEONARDO@GMAIL.COM' into text field 'xpath://*[@id="a_2"]/div/table/tbody/tr[5]/td[5]/div/input'.</msg>
<arg>xpath://*[@id="a_2"]/div/table/tbody/tr[5]/td[5]/div/input</arg>
<arg>${email}</arg>
<doc>Types the given ``text`` into the text field identified by ``locator``.</doc>
<status status="PASS" start="2024-05-13T16:12:21.340692" elapsed="0.092328"/>
</kw>
<kw name="Click Element" owner="SeleniumLibrary">
<msg time="2024-05-13T16:12:21.433020" level="INFO">Clicking element 'xpath://*[@id="s_2_1_124_0_icon"]'.</msg>
<arg>xpath://*[@id="s_2_1_124_0_icon"]</arg>
<doc>Click the element identified by ``locator``.</doc>
<status status="PASS" start="2024-05-13T16:12:21.433020" elapsed="0.043016"/>
</kw>
<status status="PASS" start="2024-05-13T16:12:09.099386" elapsed="12.376650"/>
</kw>
<kw name="Add Address">
<kw name="Wait Until Element Is Visible" owner="SeleniumLibrary">
<arg>xpath://*[@id="sieb-ui-popup-mvg-available"]/form/table/tbody/tr[1]/td[2]/span[4]/input</arg>
<arg>timeout=${WAIT_TIMEOUT}</arg>
<doc>Waits until the element ``locator`` is visible.</doc>
<status status="PASS" start="2024-05-13T16:12:21.477047" elapsed="0.687947"/>
</kw>
<kw name="Input Text" owner="SeleniumLibrary">
<msg time="2024-05-13T16:12:22.164994" level="INFO">Typing text 'VARAS MENA' into text field 'xpath://*[@id="sieb-ui-popup-mvg-available"]/form/table/tbody/tr[1]/td[2]/span[4]/input'.</msg>
<arg>xpath://*[@id="sieb-ui-popup-mvg-available"]/form/table/tbody/tr[1]/td[2]/span[4]/input</arg>
<arg>${direccion}</arg>
<doc>Types the given ``text`` into the text field identified by ``locator``.</doc>
<status status="PASS" start="2024-05-13T16:12:22.164994" elapsed="0.075517"/>
</kw>
<kw name="Click Element" owner="SeleniumLibrary">
<msg time="2024-05-13T16:12:22.241511" level="INFO">Clicking element 'xpath://*[@id="s_4_1_188_0_Ctrl"]'.</msg>
<arg>xpath://*[@id="s_4_1_188_0_Ctrl"]</arg>
<doc>Click the element identified by ``locator``.</doc>
<status status="PASS" start="2024-05-13T16:12:22.240511" elapsed="0.054533"/>
</kw>
<kw name="Click Element" owner="SeleniumLibrary">
<msg time="2024-05-13T16:12:22.296063" level="INFO">Clicking element 'xpath://*[@id="last_pager_s_4_l"]/span'.</msg>
<arg>xpath://*[@id="last_pager_s_4_l"]/span</arg>
<doc>Click the element identified by ``locator``.</doc>
<status status="PASS" start="2024-05-13T16:12:22.295044" elapsed="0.241167"/>
</kw>
<kw name="Sleep" owner="BuiltIn">
<msg time="2024-05-13T16:12:29.536564" level="INFO">Slept 7 seconds.</msg>
<arg>7S</arg>
<doc>Pauses the test executed for the given time.</doc>
<status status="PASS" start="2024-05-13T16:12:22.536211" elapsed="7.000353"/>
</kw>
<kw name="Click Element" owner="SeleniumLibrary">
<msg time="2024-05-13T16:12:29.537070" level="INFO">Clicking element 'xpath://*[@id="1_s_4_l_Street_Address"]'.</msg>
<arg>xpath://*[@id="1_s_4_l_Street_Address"]</arg>
<doc>Click the element identified by ``locator``.</doc>
<status status="PASS" start="2024-05-13T16:12:29.537070" elapsed="0.047572"/>
</kw>
<kw name="Click Element" owner="SeleniumLibrary">
<msg time="2024-05-13T16:12:29.585645" level="INFO">Clicking element 'xpath://*[@id="s_3_1_185_0_Ctrl"]'.</msg>
<arg>xpath://*[@id="s_3_1_185_0_Ctrl"]</arg>
<doc>Click the element identified by ``locator``.</doc>
<status status="PASS" start="2024-05-13T16:12:29.585645" elapsed="0.057748"/>
</kw>
<kw name="Sleep" owner="BuiltIn">
<msg time="2024-05-13T16:12:34.644856" level="INFO">Slept 5 seconds.</msg>
<arg>5s</arg>
<doc>Pauses the test executed for the given time.</doc>
<status status="PASS" start="2024-05-13T16:12:29.644392" elapsed="5.000464"/>
</kw>
<kw name="Click Element" owner="SeleniumLibrary">
<msg time="2024-05-13T16:12:34.644856" level="INFO">Clicking element 'xpath://*[@id="s_3_1_189_0_Ctrl"]'.</msg>
<arg>xpath://*[@id="s_3_1_189_0_Ctrl"]</arg>
<doc>Click the element identified by ``locator``.</doc>
<status status="PASS" start="2024-05-13T16:12:34.644856" elapsed="0.057349"/>
</kw>
<status status="PASS" start="2024-05-13T16:12:21.476036" elapsed="13.227171"/>
</kw>
<kw name="Add Phone Number">
<kw name="Click Element" owner="SeleniumLibrary">
<msg time="2024-05-13T16:12:34.712233" level="INFO">Clicking element 'xpath://*[@id="s_2_1_25_0_icon"]'.</msg>
<arg>xpath://*[@id="s_2_1_25_0_icon"]</arg>
<doc>Click the element identified by ``locator``.</doc>
<status status="PASS" start="2024-05-13T16:12:34.711228" elapsed="0.213425"/>
</kw>
<kw name="Wait Until Element Is Visible" owner="SeleniumLibrary">
<arg>xpath:/html/body/div[8]/div[2]/div/div/div/form/div/table/tbody/tr/td[1]/span[2]/button</arg>
<arg>timeout=${WAIT_TIMEOUT}</arg>
<doc>Waits until the element ``locator`` is visible.</doc>
<status status="PASS" start="2024-05-13T16:12:34.924653" elapsed="1.050715"/>
</kw>
<kw name="Click Element" owner="SeleniumLibrary">
<msg time="2024-05-13T16:12:35.975368" level="INFO">Clicking element 'xpath:/html/body/div[8]/div[2]/div/div/div/form/div/table/tbody/tr/td[1]/span[2]/button'.</msg>
<arg>xpath:/html/body/div[8]/div[2]/div/div/div/form/div/table/tbody/tr/td[1]/span[2]/button</arg>
<doc>Click the element identified by ``locator``.</doc>
<status status="PASS" start="2024-05-13T16:12:35.975368" elapsed="0.039041"/>
</kw>
<kw name="Sleep" owner="BuiltIn">
<msg time="2024-05-13T16:12:39.016142" level="INFO">Slept 3 seconds.</msg>
<arg>3s</arg>
<doc>Pauses the test executed for the given time.</doc>
<status status="PASS" start="2024-05-13T16:12:36.015407" elapsed="3.000735"/>
</kw>
<kw name="Click Element" owner="SeleniumLibrary">
<msg time="2024-05-13T16:12:39.016142" level="INFO">Clicking element 'xpath:/html/body/div[8]/div[2]/div/div/div/form/div/div[1]/div/div/div[3]/div[3]/div/table/tbody/tr[2]/td[3]/span'.</msg>
<arg>xpath:/html/body/div[8]/div[2]/div/div/div/form/div/div[1]/div/div/div[3]/div[3]/div/table/tbody/tr[2]/td[3]/span</arg>
<doc>Click the element identified by ``locator``.</doc>
<status status="PASS" start="2024-05-13T16:12:39.016142" elapsed="0.220958"/>
</kw>
<kw name="Sleep" owner="BuiltIn">
<msg time="2024-05-13T16:12:42.238444" level="INFO">Slept 3 seconds.</msg>
<arg>3s</arg>
<doc>Pauses the test executed for the given time.</doc>
<status status="PASS" start="2024-05-13T16:12:39.238101" elapsed="3.000343"/>
</kw>
<kw name="Click Element" owner="SeleniumLibrary">
<msg time="2024-05-13T16:12:42.238986" level="INFO">Clicking element 'xpath:/html/body/div[8]/ul[2]/li[2]'.</msg>
<arg>xpath:/html/body/div[8]/ul[2]/li[2]</arg>
<doc>Click the element identified by ``locator``.</doc>
<status status="PASS" start="2024-05-13T16:12:42.238444" elapsed="0.414473"/>
</kw>
<kw name="Sleep" owner="BuiltIn">
<msg time="2024-05-13T16:12:45.653032" level="INFO">Slept 3 seconds.</msg>
<arg>3s</arg>
<doc>Pauses the test executed for the given time.</doc>
<status status="PASS" start="2024-05-13T16:12:42.652917" elapsed="3.000115"/>
</kw>
<kw name="Click Element" owner="SeleniumLibrary">
<msg time="2024-05-13T16:12:45.653032" level="INFO">Clicking element 'xpath:/html/body/div[8]/div[2]/div/div/div/form/div/div[1]/div/div/div[3]/div[3]/div/table/tbody/tr[2]/td[4]'.</msg>
<arg>xpath:/html/body/div[8]/div[2]/div/div/div/form/div/div[1]/div/div/div[3]/div[3]/div/table/tbody/tr[2]/td[4]</arg>
<doc>Click the element identified by ``locator``.</doc>
<status status="PASS" start="2024-05-13T16:12:45.653032" elapsed="0.043009"/>
</kw>
<kw name="Wait Until Element Is Visible" owner="SeleniumLibrary">
<arg>xpath:/html/body/div[8]/div[2]/div/div/div/form/div/div[1]/div/div/div[3]/div[3]/div/table/tbody/tr[2]/td[4]/input</arg>
<arg>timeout=${WAIT_TIMEOUT}</arg>
<doc>Waits until the element ``locator`` is visible.</doc>
<status status="PASS" start="2024-05-13T16:12:45.697043" elapsed="0.014995"/>
</kw>
<kw name="Input Text" owner="SeleniumLibrary">
<msg time="2024-05-13T16:12:45.713038" level="INFO">Typing text '999555888' into text field 'xpath:/html/body/div[8]/div[2]/div/div/div/form/div/div[1]/div/div/div[3]/div[3]/div/table/tbody/tr[2]/td[4]/input'.</msg>
<arg>xpath:/html/body/div[8]/div[2]/div/div/div/form/div/div[1]/div/div/div[3]/div[3]/div/table/tbody/tr[2]/td[4]/input</arg>
<arg>999555888</arg>
<doc>Types the given ``text`` into the text field identified by ``locator``.</doc>
<status status="PASS" start="2024-05-13T16:12:45.712038" elapsed="0.093522"/>
</kw>
<kw name="Wait Until Element Is Visible" owner="SeleniumLibrary">
<arg>xpath:/html/body/div[8]/div[2]/div/div/div/form/div/div[2]/span/button</arg>
<arg>timeout=${WAIT_TIMEOUT}</arg>
<doc>Waits until the element ``locator`` is visible.</doc>
<status status="PASS" start="2024-05-13T16:12:45.805560" elapsed="0.013997"/>
</kw>
<kw name="Click Element" owner="SeleniumLibrary">
<msg time="2024-05-13T16:12:45.820557" level="INFO">Clicking element 'xpath:/html/body/div[8]/div[2]/div/div/div/form/div/div[2]/span/button'.</msg>
<arg>xpath:/html/body/div[8]/div[2]/div/div/div/form/div/div[2]/span/button</arg>
<doc>Click the element identified by ``locator``.</doc>
<status status="PASS" start="2024-05-13T16:12:45.820557" elapsed="0.412788"/>
</kw>
<kw name="Sleep" owner="BuiltIn">
<msg time="2024-05-13T16:12:51.233582" level="INFO">Slept 5 seconds.</msg>
<arg>5s</arg>
<doc>Pauses the test executed for the given time.</doc>
<status status="PASS" start="2024-05-13T16:12:46.233345" elapsed="5.000237"/>
</kw>
<kw name="Click Element" owner="SeleniumLibrary">
<msg time="2024-05-13T16:12:51.234126" level="INFO">Clicking element 'xpath://*[@id="s_2_1_119_0_Ctrl"]'.</msg>
<arg>xpath://*[@id="s_2_1_119_0_Ctrl"]</arg>
<doc>Click the element identified by ``locator``.</doc>
<status status="PASS" start="2024-05-13T16:12:51.234126" elapsed="0.043157"/>
</kw>
<status status="PASS" start="2024-05-13T16:12:34.710221" elapsed="16.568082"/>
</kw>
<kw name="New Order Record">
<kw name="Wait Until Element Is Visible" owner="SeleniumLibrary">
<arg>xpath://*[@id="1_s_1_l_OCS_Identificador_de_la_cuenta"]/a</arg>
<arg>timeout=45s</arg>
<doc>Waits until the element ``locator`` is visible.</doc>
<status status="PASS" start="2024-05-13T16:12:51.279284" elapsed="4.056133"/>
</kw>
<kw name="Click Element" owner="SeleniumLibrary">
<msg time="2024-05-13T16:12:55.336418" level="INFO">Clicking element 'xpath://*[@id="1_s_1_l_OCS_Identificador_de_la_cuenta"]/a'.</msg>
<arg>xpath://*[@id="1_s_1_l_OCS_Identificador_de_la_cuenta"]/a</arg>
<doc>Click the element identified by ``locator``.</doc>
<status status="PASS" start="2024-05-13T16:12:55.335417" elapsed="0.054246"/>
</kw>
<kw name="Wait Until Element Is Visible" owner="SeleniumLibrary">
<arg>xpath://*[@id="s_at_m_7"]</arg>
<arg>timeout=${WAIT_TIMEOUT}</arg>
<doc>Waits until the element ``locator`` is visible.</doc>
<status status="PASS" start="2024-05-13T16:12:55.389663" elapsed="2.073983"/>
</kw>
<kw name="Click Element" owner="SeleniumLibrary">
<msg time="2024-05-13T16:12:57.464687" level="INFO">Clicking element 'xpath://*[@id="s_at_m_7"]'.</msg>
<arg>xpath://*[@id="s_at_m_7"]</arg>
<doc>Click the element identified by ``locator``.</doc>
<status status="PASS" start="2024-05-13T16:12:57.463646" elapsed="0.092027"/>
</kw>
<kw name="Sleep" owner="BuiltIn">
<msg time="2024-05-13T16:13:02.557378" level="INFO">Slept 5 seconds.</msg>
<arg>5S</arg>
<doc>Pauses the test executed for the given time.</doc>
<status status="PASS" start="2024-05-13T16:12:57.556654" elapsed="5.000724"/>
</kw>
<kw name="Click Element" owner="SeleniumLibrary">
<msg time="2024-05-13T16:13:02.557378" level="INFO">Clicking element 'xpath:/html/body/div[1]/div/div[5]/div/div[7]/div/div[1]/div/div[3]/div/div[3]/div[2]/div/form/span/div/div[1]/div[2]/span[1]/span/ul/li[4]/a'.</msg>
<arg>xpath:/html/body/div[1]/div/div[5]/div/div[7]/div/div[1]/div/div[3]/div/div[3]/div[2]/div/form/span/div/div[1]/div[2]/span[1]/span/ul/li[4]/a</arg>
<doc>Click the element identified by ``locator``.</doc>
<status status="PASS" start="2024-05-13T16:13:02.557378" elapsed="0.065274"/>
</kw>
<kw name="Wait Until Element Is Visible" owner="SeleniumLibrary">
<arg>xpath://*[@id="1_s_7_l_Order_Number"]/a</arg>
<arg>timeout=45s</arg>
<doc>Waits until the element ``locator`` is visible.</doc>
<status status="PASS" start="2024-05-13T16:13:02.622652" elapsed="0.881327"/>
</kw>
<kw name="Click Element" owner="SeleniumLibrary">
<msg time="2024-05-13T16:13:03.503979" level="INFO">Clicking element 'xpath://*[@id="1_s_7_l_Order_Number"]/a'.</msg>
<arg>xpath://*[@id="1_s_7_l_Order_Number"]/a</arg>
<doc>Click the element identified by ``locator``.</doc>
<status status="PASS" start="2024-05-13T16:13:03.503979" elapsed="5.447260"/>
</kw>
<status status="PASS" start="2024-05-13T16:12:51.278303" elapsed="17.673935"/>
</kw>
<kw name="Sales Orders - Examine Catalog">
<kw name="Sleep" owner="BuiltIn">
<msg time="2024-05-13T16:13:18.954698" level="INFO">Slept 10 seconds.</msg>
<arg>10s</arg>
<doc>Pauses the test executed for the given time.</doc>
<status status="PASS" start="2024-05-13T16:13:08.954241" elapsed="10.000457"/>
</kw>
<kw name="Click Element" owner="SeleniumLibrary">
<msg time="2024-05-13T16:13:18.954698" level="INFO">Clicking element 'xpath:/html/body/div[1]/div/div[5]/div/div[7]/div/div[1]/div/div[2]/div[2]/ul/li[2]/a'.</msg>
<arg>xpath:/html/body/div[1]/div/div[5]/div/div[7]/div/div[1]/div/div[2]/div[2]/ul/li[2]/a</arg>
<doc>Click the element identified by ``locator``.</doc>
<status status="PASS" start="2024-05-13T16:13:18.954698" elapsed="0.057912"/>
</kw>
<kw name="Wait Until Element Is Visible" owner="SeleniumLibrary">
<arg>xpath:/html/body/div[1]/div/div[5]/div/div[7]/div/div[1]/div/div[3]/div[1]/div[2]/div/div/div/span/table/tbody/tr[1]/td/div/ul/li/ul/li[1]/i</arg>
<arg>timeout=45s</arg>
<doc>Waits until the element ``locator`` is visible.</doc>
<status status="PASS" start="2024-05-13T16:13:19.013598" elapsed="6.417639"/>
</kw>
<kw name="Click Element" owner="SeleniumLibrary">
<msg time="2024-05-13T16:13:25.432237" level="INFO">Clicking element 'xpath:/html/body/div[1]/div/div[5]/div/div[7]/div/div[1]/div/div[3]/div[1]/div[2]/div/div/div/span/table/tbody/tr[1]/td/div/ul/li/ul/li[1]/i'.</msg>
<arg>xpath:/html/body/div[1]/div/div[5]/div/div[7]/div/div[1]/div/div[3]/div[1]/div[2]/div/div/div/span/table/tbody/tr[1]/td/div/ul/li/ul/li[1]/i</arg>
<doc>Click the element identified by ``locator``.</doc>
<status status="PASS" start="2024-05-13T16:13:25.431237" elapsed="0.312665"/>
</kw>
<kw name="Sleep" owner="BuiltIn">
<msg time="2024-05-13T16:13:30.744014" level="INFO">Slept 5 seconds.</msg>
<arg>5S</arg>
<doc>Pauses the test executed for the given time.</doc>
<status status="PASS" start="2024-05-13T16:13:25.743902" elapsed="5.000112"/>
</kw>
<kw name="Click Element" owner="SeleniumLibrary">
<msg time="2024-05-13T16:13:30.744014" level="INFO">Clicking element 'xpath:/html/body/div[1]/div/div[5]/div/div[7]/div/div[1]/div/div[3]/div[1]/div[2]/div/div/div/span/table/tbody/tr[1]/td/div/ul/li/ul/li[1]/ul/li[1]/i'.</msg>
<arg>xpath:/html/body/div[1]/div/div[5]/div/div[7]/div/div[1]/div/div[3]/div[1]/div[2]/div/div/div/span/table/tbody/tr[1]/td/div/ul/li/ul/li[1]/ul/li[1]/i</arg>
<doc>Click the element identified by ``locator``.</doc>
<status status="PASS" start="2024-05-13T16:13:30.744014" elapsed="1.306800"/>
</kw>
<kw name="Wait Until Element Is Visible" owner="SeleniumLibrary">
<arg>xpath:/html/body/div[1]/div/div[5]/div/div[7]/div/div[1]/div/div[3]/div[1]/div[2]/div/div/div/span/table/tbody/tr[1]/td/div/ul/li/ul/li[1]/ul/li[1]/ul/li[2]/a</arg>
<doc>Waits until the element ``locator`` is visible.</doc>
<status status="PASS" start="2024-05-13T16:13:32.050814" elapsed="0.020970"/>
</kw>
<kw name="Click Element" owner="SeleniumLibrary">
<msg time="2024-05-13T16:13:32.071784" level="INFO">Clicking element 'xpath:/html/body/div[1]/div/div[5]/div/div[7]/div/div[1]/div/div[3]/div[1]/div[2]/div/div/div/span/table/tbody/tr[1]/td/div/ul/li/ul/li[1]/ul/li[1]/ul/li[2]/a'.</msg>
<arg>xpath:/html/body/div[1]/div/div[5]/div/div[7]/div/div[1]/div/div[3]/div[1]/div[2]/div/div/div/span/table/tbody/tr[1]/td/div/ul/li/ul/li[1]/ul/li[1]/ul/li[2]/a</arg>
<doc>Click the element identified by ``locator``.</doc>
<status status="PASS" start="2024-05-13T16:13:32.071784" elapsed="1.920729"/>
</kw>
<kw name="Sleep" owner="BuiltIn">
<msg time="2024-05-13T16:13:38.994231" level="INFO">Slept 5 seconds.</msg>
<arg>5S</arg>
<doc>Pauses the test executed for the given time.</doc>
<status status="PASS" start="2024-05-13T16:13:33.992513" elapsed="5.001718"/>
</kw>
<kw name="Click Element" owner="SeleniumLibrary">
<msg time="2024-05-13T16:13:38.994231" level="INFO">Clicking element 'xpath:/html/body/div[1]/div/div[5]/div/div[7]/div/div[1]/div/div[3]/div[2]/div[3]/div/div/div/form/span/div/div[3]/div/div/div[5]/div/table/tbody/tr/td[2]/table/tbody/tr/td[4]/span'.</msg>
<arg>xpath:/html/body/div[1]/div/div[5]/div/div[7]/div/div[1]/div/div[3]/div[2]/div[3]/div/div/div/form/span/div/div[3]/div/div/div[5]/div/table/tbody/tr/td[2]/table/tbody/tr/td[4]/span</arg>
<doc>Click the element identified by ``locator``.</doc>
<status status="PASS" start="2024-05-13T16:13:38.994231" elapsed="0.048378"/>
</kw>
<kw name="Sleep" owner="BuiltIn">
<msg time="2024-05-13T16:13:44.044233" level="INFO">Slept 5 seconds.</msg>
<arg>5S</arg>
<doc>Pauses the test executed for the given time.</doc>
<status status="PASS" start="2024-05-13T16:13:39.043608" elapsed="5.000625"/>
</kw>
<kw name="Click Element" owner="SeleniumLibrary">
<msg time="2024-05-13T16:13:44.044775" level="INFO">Clicking element 'xpath:/html/body/div[1]/div/div[5]/div/div[7]/div/div[1]/div/div[3]/div[2]/div[3]/div/div/div/form/span/div/div[3]/div/div/div[5]/div/table/tbody/tr/td[2]/table/tbody/tr/td[4]/span'.</msg>
<arg>xpath:/html/body/div[1]/div/div[5]/div/div[7]/div/div[1]/div/div[3]/div[2]/div[3]/div/div/div/form/span/div/div[3]/div/div/div[5]/div/table/tbody/tr/td[2]/table/tbody/tr/td[4]/span</arg>
<doc>Click the element identified by ``locator``.</doc>
<status status="PASS" start="2024-05-13T16:13:44.044775" elapsed="0.039886"/>
</kw>
<kw name="Sleep" owner="BuiltIn">
<msg time="2024-05-13T16:13:54.085098" level="INFO">Slept 10 seconds.</msg>
<arg>10S</arg>
<doc>Pauses the test executed for the given time.</doc>
<status status="PASS" start="2024-05-13T16:13:44.084661" elapsed="10.000437"/>
</kw>
<kw name="Click Element" owner="SeleniumLibrary">
<msg time="2024-05-13T16:13:54.085098" level="INFO">Clicking element 'xpath:/html/body/div[1]/div/div[5]/div/div[7]/div/div[1]/div/div[3]/div[2]/div[3]/div/div/div/form/span/div/div[3]/div/div/div[3]/div[3]/div/table/tbody/tr[9]'.</msg>
<arg>xpath:/html/body/div[1]/div/div[5]/div/div[7]/div/div[1]/div/div[3]/div[2]/div[3]/div/div/div/form/span/div/div[3]/div/div/div[3]/div[3]/div/table/tbody/tr[9]</arg>
<doc>Click the element identified by ``locator``.</doc>
<status status="PASS" start="2024-05-13T16:13:54.085098" elapsed="0.365981"/>
</kw>
<kw name="Sleep" owner="BuiltIn">
<msg time="2024-05-13T16:14:24.452126" level="INFO">Slept 30 seconds.</msg>
<arg>30S</arg>
<doc>Pauses the test executed for the given time.</doc>
<status status="PASS" start="2024-05-13T16:13:54.451079" elapsed="30.001047"/>
</kw>
<kw name="Click Element" owner="SeleniumLibrary">
<msg time="2024-05-13T16:14:24.452692" level="INFO">Clicking element 'xpath://*[@id="a_6"]/div[2]/div[1]'.</msg>
<arg>xpath://*[@id="a_6"]/div[2]/div[1]</arg>
<doc>Click the element identified by ``locator``.</doc>
<status status="PASS" start="2024-05-13T16:14:24.452692" elapsed="0.043980"/>
</kw>
<kw name="Sleep" owner="BuiltIn">
<msg time="2024-05-13T16:14:54.498285" level="INFO">Slept 30 seconds.</msg>
<arg>30s</arg>
<doc>Pauses the test executed for the given time.</doc>
<status status="PASS" start="2024-05-13T16:14:24.497671" elapsed="30.000614"/>
</kw>
<kw name="Click Element" owner="SeleniumLibrary">
<msg time="2024-05-13T16:14:54.498285" level="INFO">Clicking element 'xpath:/html/body/div[1]/div/div[5]/div/div[7]/div/div[1]/div/div[2]/div[2]/ul/li[3]/a'.</msg>
<arg>xpath:/html/body/div[1]/div/div[5]/div/div[7]/div/div[1]/div/div[2]/div[2]/ul/li[3]/a</arg>
<doc>Click the element identified by ``locator``.</doc>
<status status="PASS" start="2024-05-13T16:14:54.498285" elapsed="0.044786"/>
</kw>
<kw name="Sleep" owner="BuiltIn">
<msg time="2024-05-13T16:15:14.543343" level="INFO">Slept 20 seconds.</msg>
<arg>20s</arg>
<doc>Pauses the test executed for the given time.</doc>
<status status="PASS" start="2024-05-13T16:14:54.543071" elapsed="20.000272"/>
</kw>
<kw name="Click Element" owner="SeleniumLibrary">
<msg time="2024-05-13T16:15:14.543343" level="INFO">Clicking element 'xpath://*[@id="a_1"]/div/table/tbody/tr[12]/td[6]/div/input'.</msg>
<arg>xpath://*[@id="a_1"]/div/table/tbody/tr[12]/td[6]/div/input</arg>
<doc>Click the element identified by ``locator``.</doc>
<status status="PASS" start="2024-05-13T16:15:14.543343" elapsed="0.055352"/>
</kw>
<kw name="Sleep" owner="BuiltIn">
<msg time="2024-05-13T16:15:24.600152" level="INFO">Slept 10 seconds.</msg>
<arg>10s</arg>
<doc>Pauses the test executed for the given time.</doc>
<status status="PASS" start="2024-05-13T16:15:14.599680" elapsed="10.000472"/>
</kw>
<kw name="Click Element" owner="SeleniumLibrary">
<msg time="2024-05-13T16:15:24.600152" level="INFO">Clicking element 'xpath://*[@id="a_1"]/div/table/tbody/tr[14]/td[4]/div/input'.</msg>
<arg>xpath://*[@id="a_1"]/div/table/tbody/tr[14]/td[4]/div/input</arg>
<doc>Click the element identified by ``locator``.</doc>
<status status="PASS" start="2024-05-13T16:15:24.600152" elapsed="0.663306"/>
</kw>
<kw name="Sleep" owner="BuiltIn">
<msg time="2024-05-13T16:15:30.265261" level="INFO">Slept 5 seconds.</msg>
<arg>5s</arg>
<doc>Pauses the test executed for the given time.</doc>
<status status="PASS" start="2024-05-13T16:15:25.264425" elapsed="5.000836"/>
</kw>
<kw name="Click Element" owner="SeleniumLibrary">
<msg time="2024-05-13T16:15:30.265261" level="INFO">Clicking element 'xpath://*[@id="s_1_1_11_0_Ctrl"]'.</msg>
<arg>xpath://*[@id="s_1_1_11_0_Ctrl"]</arg>
<doc>Click the element identified by ``locator``.</doc>
<status status="PASS" start="2024-05-13T16:15:30.265261" elapsed="0.764155"/>
</kw>
<kw name="Sleep" owner="BuiltIn">
<msg time="2024-05-13T16:16:01.031254" level="INFO">Slept 30 seconds.</msg>
<arg>30s</arg>
<doc>Pauses the test executed for the given time.</doc>
<status status="PASS" start="2024-05-13T16:15:31.029416" elapsed="30.001838"/>
</kw>
<kw name="Click Element" owner="SeleniumLibrary">
<msg time="2024-05-13T16:16:01.031254" level="INFO">Clicking element 'xpath://*[@id="s_1_1_69_0_Ctrl"]'.</msg>
<arg>xpath://*[@id="s_1_1_69_0_Ctrl"]</arg>
<doc>Click the element identified by ``locator``.</doc>
<status status="PASS" start="2024-05-13T16:16:01.031254" elapsed="0.060397"/>
</kw>
<kw name="Sleep" owner="BuiltIn">
<msg time="2024-05-13T16:16:11.092935" level="INFO">Slept 10 seconds.</msg>
<arg>10s</arg>
<doc>Pauses the test executed for the given time.</doc>
<status status="PASS" start="2024-05-13T16:16:01.092650" elapsed="10.000285"/>
</kw>
<kw name="Switch Window" owner="SeleniumLibrary">
<arg>MAIN</arg>
<doc>Switches to browser window matching ``locator``.</doc>
<status status="PASS" start="2024-05-13T16:16:11.093481" elapsed="0.015011"/>
</kw>
<kw name="Sleep" owner="BuiltIn">
<msg time="2024-05-13T16:16:17.109152" level="INFO">Slept 6 seconds.</msg>
<arg>6s</arg>
<doc>Pauses the test executed for the given time.</doc>
<status status="PASS" start="2024-05-13T16:16:11.108492" elapsed="6.000660"/>
</kw>
<kw name="Pause Execution" owner="Dialogs">
<doc>Pauses execution until user clicks ``Ok`` button.</doc>
<status status="PASS" start="2024-05-13T16:16:17.109152" elapsed="4.006908"/>
</kw>
<kw name="Wait Until Element Is Visible" owner="SeleniumLibrary">
<arg>xpath://*[@id="s_1_1_37_0_icon"]</arg>
<arg>timeout=40s</arg>
<doc>Waits until the element ``locator`` is visible.</doc>
<status status="PASS" start="2024-05-13T16:16:21.117060" elapsed="0.021517"/>
</kw>
<kw name="Click Element" owner="SeleniumLibrary">
<msg time="2024-05-13T16:16:21.138577" level="INFO">Clicking element 'xpath://*[@id="s_1_1_37_0_icon"]'.</msg>
<arg>xpath://*[@id="s_1_1_37_0_icon"]</arg>
<doc>Click the element identified by ``locator``.</doc>
<status status="PASS" start="2024-05-13T16:16:21.138577" elapsed="0.233070"/>
</kw>
<kw name="Sleep" owner="BuiltIn">
<msg time="2024-05-13T16:16:33.371844" level="INFO">Slept 12 seconds.</msg>
<arg>12s</arg>
<doc>Pauses the test executed for the given time.</doc>
<status status="PASS" start="2024-05-13T16:16:21.371647" elapsed="12.000197"/>
</kw>
<kw name="Click Element" owner="SeleniumLibrary">
<msg time="2024-05-13T16:16:33.372348" level="INFO">Clicking element 'xpath:/html/body/div[1]/div/div[5]/div/div[7]/ul[3]/li[2]'.</msg>
<arg>xpath:/html/body/div[1]/div/div[5]/div/div[7]/ul[3]/li[2]</arg>
<doc>Click the element identified by ``locator``.</doc>
<status status="PASS" start="2024-05-13T16:16:33.372348" elapsed="2.743245"/>
</kw>
<kw name="Sleep" owner="BuiltIn">
<msg time="2024-05-13T16:16:54.117131" level="INFO">Slept 18 seconds.</msg>
<arg>18s</arg>
<doc>Pauses the test executed for the given time.</doc>
<status status="PASS" start="2024-05-13T16:16:36.116599" elapsed="18.000532"/>
</kw>
<kw name="Click Element" owner="SeleniumLibrary">
<msg time="2024-05-13T16:16:54.117131" level="INFO">Clicking element 'xpath://*[@id="s_1_1_79_0_Ctrl"]'.</msg>
<arg>xpath://*[@id="s_1_1_79_0_Ctrl"]</arg>
<doc>Click the element identified by ``locator``.</doc>
<status status="PASS" start="2024-05-13T16:16:54.117131" elapsed="0.058008"/>
</kw>
<kw name="Pause Execution" owner="Dialogs">
<doc>Pauses execution until user clicks ``Ok`` button.</doc>
<status status="PASS" start="2024-05-13T16:16:54.175139" elapsed="235.373327"/>
</kw>
<status status="PASS" start="2024-05-13T16:13:08.953244" elapsed="460.595222"/>
</kw>
<status status="PASS" start="2024-05-13T16:11:28.603454" elapsed="560.946014"/>
</test>
<status status="PASS" start="2024-05-13T16:11:28.406696" elapsed="561.143771"/>
</suite>
<statistics>
<total>
<stat pass="1" fail="0" skip="0">All Tests</stat>
</total>
<tag>
</tag>
<suite>
<stat pass="1" fail="0" skip="0" id="s1" name="AltaPlay2VTR">AltaPlay2VTR</stat>
</suite>
</statistics>
<errors>
</errors>
</robot>
